2021-11-11 22:07:08 info: Server is listening on port 4000
2021-11-11 22:07:16 warn: Was get  unsupported url
2021-11-11 22:07:16 warn: Was get  unsupported url
2021-11-11 22:07:28 warn: Was get  unsupported url
2021-11-11 22:15:47 info: Server is listening on port 4000
2021-11-11 22:15:57 warn: Was get  unsupported url
2021-11-11 22:15:57 warn: Was get  unsupported url
2021-11-11 22:24:53 info: Server is listening on port 4000
2021-11-11 22:25:02 warn: Was get  unsupported url
2021-11-11 22:25:02 warn: Was get  unsupported url
2021-11-11 22:25:04 info: {"requestMethod":"GET","requestParams":"/"}
2021-11-11 22:25:05 warn: Was get  unsupported url
2021-11-11 22:27:38 info: Server is listening on port 4000
2021-11-11 22:27:41 info: {"requestMethod":"GET","requestUrl":"/"}
2021-11-11 22:27:41 warn: {"requestMethod":"GET","requestUrl":"/favicon.ico","desc":"Was get  unsupported url"}
2021-11-11 22:27:41 info: {"requestMethod":"GET","requestUrl":"/"}
2021-11-11 22:27:41 warn: {"requestMethod":"GET","requestUrl":"/favicon.ico","desc":"Was get  unsupported url"}
2021-11-11 22:27:44 warn: {"requestMethod":"GET","requestUrl":"/asdas","desc":"Was get  unsupported url"}
2021-11-11 22:27:44 warn: {"requestMethod":"GET","requestUrl":"/favicon.ico","desc":"Was get  unsupported url"}
2021-11-11 22:32:02 info: Server is listening on port 4000
2021-11-11 22:32:20 warn: {"method":"GET","url":"/asdas","params":{},"desc":"Was get  unsupported url"}
2021-11-11 22:32:20 warn: {"method":"GET","url":"/favicon.ico","params":{},"desc":"Was get  unsupported url"}
2021-11-11 22:32:34 warn: {"method":"GET","url":"/asdas?t=1&ty=4","params":{"t":"1","ty":"4"},"desc":"Was get  unsupported url"}
2021-11-11 22:32:34 warn: {"method":"GET","url":"/favicon.ico","params":{},"desc":"Was get  unsupported url"}
2021-11-11 22:33:04 info: {"method":"GET","url":"/?test=1&body=4","params":{"test":"1","body":"4"},"desc":""}
2021-11-11 22:33:04 warn: {"method":"GET","url":"/favicon.ico","params":{},"desc":"Was get  unsupported url"}
2021-11-11 22:45:22 info: Server is listening on port 4000
2021-11-11 22:46:13 info: {"method":"GET","url":"/?test=100","params":{"test":"100"},"desc":""}
2021-11-11 22:46:13 error: Unexpected error: Unexpected end of JSON input.
2021-11-11 22:46:37 info: {"method":"GET","url":"/?test=1&body=4","params":{"test":"1","body":"4"},"desc":""}
2021-11-11 22:46:37 error: Unexpected error: Unexpected end of JSON input.
2021-11-11 22:46:41 warn: {"method":"GET","url":"/sdfds","params":{},"desc":"Was get  unsupported url"}
2021-11-11 22:46:41 warn: {"method":"GET","url":"/favicon.ico","params":{},"desc":"Was get  unsupported url"}
2021-11-11 22:47:30 warn: {"method":"GET","url":"/sdfds","params":{},"desc":"Was get  unsupported url"}
2021-11-11 22:47:52 warn: {"method":"POST","url":"/sdfds","params":{},"desc":"Was get  unsupported url"}
2021-11-11 22:47:58 info: {"method":"POST","url":"/","params":{},"desc":""}
2021-11-11 22:47:58 error: Unexpected error: Unexpected token p in JSON at position 0.
2021-11-11 22:49:03 info: Server is listening on port 4000
2021-11-11 22:49:29 info: {"method":"GET","url":"/?test1","params":{"test1":""},"desc":""}
2021-11-11 22:49:29 error: Unexpected error: Unexpected token p in JSON at position 0.
2021-11-11 22:51:13 info: Server is listening on port 4000
2021-11-11 22:51:22 info: {"method":"GET","url":"/?test1","params":{"test1":""},"desc":""}
2021-11-11 22:51:22 error: Unexpected error: Unexpected token p in JSON at position 0.
2021-11-11 22:53:09 info: Server is listening on port 4000
2021-11-11 22:53:17 info: {"method":"GET","url":"/?test1","params":{"test1":""},"desc":""}
2021-11-11 22:53:17 info: post body
2021-11-11 22:53:33 info: {"method":"POST","url":"/?test1","params":{"test1":""},"desc":""}
2021-11-11 22:53:33 info: post body test a,mdf n,amnf ,adnsf,ganlk fnalfk /a. f./asm f/.asf/a
2021-11-11 22:54:47 info: Server is listening on port 4000
2021-11-11 22:54:55 info: {"method":"POST","url":"/?test1","params":{"test1":""},"desc":"","body":"post body test a,mdf n,amnf ,adnsf,ganlk fnalfk /a. f./asm f/.asf/a"}
2021-11-11 22:55:07 info: {"method":"GET","url":"/?test14324","params":{"test14324":""},"desc":"","body":"post body test a,mdf n,amnf ,adnsf,ganlk fnalfk /a. f./asm f/.asf/a"}
